0    DEBUG [2018-01-11 08:44:34]  Setting default value: false
0    DEBUG [2018-01-11 08:44:34]  Converting 'Boolean' value 'false' to type 'Boolean'
0    DEBUG [2018-01-11 08:44:34]      No conversion required, value is already a Boolean
0    DEBUG [2018-01-11 08:44:34]  Setting default value: 0
0    DEBUG [2018-01-11 08:44:34]  Converting 'Integer' value '0' to type 'Byte'
0    DEBUG [2018-01-11 08:44:34]      Converted to Byte value '0'
0    DEBUG [2018-01-11 08:44:34]  Setting default value:  
0    DEBUG [2018-01-11 08:44:34]  Converting 'Character' value ' ' to type 'Character'
0    DEBUG [2018-01-11 08:44:34]      No conversion required, value is already a Character
10   DEBUG [2018-01-11 08:44:34]  Setting default value: 0
10   DEBUG [2018-01-11 08:44:34]  Converting 'Integer' value '0' to type 'Double'
10   DEBUG [2018-01-11 08:44:34]      Converted to Double value '0.0'
10   DEBUG [2018-01-11 08:44:34]  Setting default value: 0
10   DEBUG [2018-01-11 08:44:34]  Converting 'Integer' value '0' to type 'Float'
10   DEBUG [2018-01-11 08:44:34]      Converted to Float value '0.0'
10   DEBUG [2018-01-11 08:44:34]  Setting default value: 0
10   DEBUG [2018-01-11 08:44:34]  Converting 'Integer' value '0' to type 'Integer'
10   DEBUG [2018-01-11 08:44:34]      No conversion required, value is already a Integer
10   DEBUG [2018-01-11 08:44:34]  Setting default value: 0
10   DEBUG [2018-01-11 08:44:34]  Converting 'Integer' value '0' to type 'Long'
10   DEBUG [2018-01-11 08:44:34]      Converted to Long value '0'
10   DEBUG [2018-01-11 08:44:34]  Setting default value: 0
10   DEBUG [2018-01-11 08:44:34]  Converting 'Integer' value '0' to type 'Short'
10   DEBUG [2018-01-11 08:44:34]      Converted to Short value '0'
10   DEBUG [2018-01-11 08:44:34]  Setting default value: 0.0
10   DEBUG [2018-01-11 08:44:34]  Converting 'BigDecimal' value '0.0' to type 'BigDecimal'
10   DEBUG [2018-01-11 08:44:34]      No conversion required, value is already a BigDecimal
20   DEBUG [2018-01-11 08:44:34]  Setting default value: 0
20   DEBUG [2018-01-11 08:44:34]  Converting 'BigInteger' value '0' to type 'BigInteger'
20   DEBUG [2018-01-11 08:44:34]      No conversion required, value is already a BigInteger
20   DEBUG [2018-01-11 08:44:34]  Setting default value: false
20   DEBUG [2018-01-11 08:44:34]  Converting 'Boolean' value 'false' to type 'Boolean'
20   DEBUG [2018-01-11 08:44:34]      No conversion required, value is already a Boolean
20   DEBUG [2018-01-11 08:44:34]  Setting default value: 0
20   DEBUG [2018-01-11 08:44:34]  Converting 'Integer' value '0' to type 'Byte'
20   DEBUG [2018-01-11 08:44:34]      Converted to Byte value '0'
20   DEBUG [2018-01-11 08:44:34]  Setting default value:  
20   DEBUG [2018-01-11 08:44:34]  Converting 'Character' value ' ' to type 'Character'
20   DEBUG [2018-01-11 08:44:34]      No conversion required, value is already a Character
20   DEBUG [2018-01-11 08:44:34]  Setting default value: 0
20   DEBUG [2018-01-11 08:44:34]  Converting 'Integer' value '0' to type 'Double'
20   DEBUG [2018-01-11 08:44:34]      Converted to Double value '0.0'
20   DEBUG [2018-01-11 08:44:34]  Setting default value: 0
20   DEBUG [2018-01-11 08:44:34]  Converting 'Integer' value '0' to type 'Float'
20   DEBUG [2018-01-11 08:44:34]      Converted to Float value '0.0'
20   DEBUG [2018-01-11 08:44:34]  Setting default value: 0
20   DEBUG [2018-01-11 08:44:34]  Converting 'Integer' value '0' to type 'Integer'
20   DEBUG [2018-01-11 08:44:34]      No conversion required, value is already a Integer
20   DEBUG [2018-01-11 08:44:34]  Setting default value: 0
20   DEBUG [2018-01-11 08:44:34]  Converting 'Integer' value '0' to type 'Long'
20   DEBUG [2018-01-11 08:44:34]      Converted to Long value '0'
20   DEBUG [2018-01-11 08:44:34]  Setting default value: 0
20   DEBUG [2018-01-11 08:44:34]  Converting 'Integer' value '0' to type 'Short'
20   DEBUG [2018-01-11 08:44:34]      Converted to Short value '0'
20   DEBUG [2018-01-11 08:44:34]  Setting default value: 
20   DEBUG [2018-01-11 08:44:34]  Converting 'String' value '' to type 'String'
20   DEBUG [2018-01-11 08:44:34]  Setting default value: [Z@7a46a697
20   DEBUG [2018-01-11 08:44:34]  Converting 'boolean[]' value '[Z@7a46a697' to type 'boolean[]'
20   DEBUG [2018-01-11 08:44:34]      No conversion required, value is already a boolean[]
20   DEBUG [2018-01-11 08:44:34]  Setting default value: [B@6d86b085
20   DEBUG [2018-01-11 08:44:34]  Converting 'byte[]' value '[B@6d86b085' to type 'byte[]'
20   DEBUG [2018-01-11 08:44:34]      No conversion required, value is already a byte[]
20   DEBUG [2018-01-11 08:44:34]  Setting default value: [C@3abfe836
30   DEBUG [2018-01-11 08:44:34]  Converting 'char[]' value '[C@3abfe836' to type 'char[]'
30   DEBUG [2018-01-11 08:44:34]      No conversion required, value is already a char[]
30   DEBUG [2018-01-11 08:44:34]  Setting default value: [D@77afea7d
30   DEBUG [2018-01-11 08:44:34]  Converting 'double[]' value '[D@77afea7d' to type 'double[]'
30   DEBUG [2018-01-11 08:44:34]      No conversion required, value is already a double[]
30   DEBUG [2018-01-11 08:44:34]  Setting default value: [F@532760d8
30   DEBUG [2018-01-11 08:44:34]  Converting 'float[]' value '[F@532760d8' to type 'float[]'
30   DEBUG [2018-01-11 08:44:34]      No conversion required, value is already a float[]
30   DEBUG [2018-01-11 08:44:34]  Setting default value: [I@5f8ed237
30   DEBUG [2018-01-11 08:44:34]  Converting 'int[]' value '[I@5f8ed237' to type 'int[]'
30   DEBUG [2018-01-11 08:44:34]      No conversion required, value is already a int[]
30   DEBUG [2018-01-11 08:44:34]  Setting default value: [J@47089e5f
30   DEBUG [2018-01-11 08:44:34]  Converting 'long[]' value '[J@47089e5f' to type 'long[]'
30   DEBUG [2018-01-11 08:44:34]      No conversion required, value is already a long[]
30   DEBUG [2018-01-11 08:44:34]  Setting default value: [S@68f7aae2
30   DEBUG [2018-01-11 08:44:34]  Converting 'short[]' value '[S@68f7aae2' to type 'short[]'
30   DEBUG [2018-01-11 08:44:34]      No conversion required, value is already a short[]
30   DEBUG [2018-01-11 08:44:34]  Setting default value: [Ljava.math.BigDecimal;@4c3e4790
30   DEBUG [2018-01-11 08:44:34]  Converting 'BigDecimal[]' value '[Ljava.math.BigDecimal;@4c3e4790' to type 'BigDecimal[]'
30   DEBUG [2018-01-11 08:44:34]      No conversion required, value is already a BigDecimal[]
30   DEBUG [2018-01-11 08:44:34]  Setting default value: [Ljava.math.BigInteger;@5679c6c6
30   DEBUG [2018-01-11 08:44:34]  Converting 'BigInteger[]' value '[Ljava.math.BigInteger;@5679c6c6' to type 'BigInteger[]'
30   DEBUG [2018-01-11 08:44:34]      No conversion required, value is already a BigInteger[]
30   DEBUG [2018-01-11 08:44:34]  Setting default value: [Ljava.lang.Boolean;@19e1023e
30   DEBUG [2018-01-11 08:44:34]  Converting 'Boolean[]' value '[Ljava.lang.Boolean;@19e1023e' to type 'Boolean[]'
30   DEBUG [2018-01-11 08:44:34]      No conversion required, value is already a Boolean[]
30   DEBUG [2018-01-11 08:44:34]  Setting default value: [Ljava.lang.Byte;@64b8f8f4
30   DEBUG [2018-01-11 08:44:34]  Converting 'Byte[]' value '[Ljava.lang.Byte;@64b8f8f4' to type 'Byte[]'
30   DEBUG [2018-01-11 08:44:34]      No conversion required, value is already a Byte[]
30   DEBUG [2018-01-11 08:44:34]  Setting default value: [Ljava.lang.Character;@3cd1f1c8
30   DEBUG [2018-01-11 08:44:34]  Converting 'Character[]' value '[Ljava.lang.Character;@3cd1f1c8' to type 'Character[]'
30   DEBUG [2018-01-11 08:44:34]      No conversion required, value is already a Character[]
30   DEBUG [2018-01-11 08:44:34]  Setting default value: [Ljava.lang.Double;@1996cd68
30   DEBUG [2018-01-11 08:44:34]  Converting 'Double[]' value '[Ljava.lang.Double;@1996cd68' to type 'Double[]'
30   DEBUG [2018-01-11 08:44:34]      No conversion required, value is already a Double[]
30   DEBUG [2018-01-11 08:44:34]  Setting default value: [Ljava.lang.Float;@555590
30   DEBUG [2018-01-11 08:44:34]  Converting 'Float[]' value '[Ljava.lang.Float;@555590' to type 'Float[]'
30   DEBUG [2018-01-11 08:44:34]      No conversion required, value is already a Float[]
30   DEBUG [2018-01-11 08:44:34]  Setting default value: [Ljava.lang.Integer;@424c0bc4
30   DEBUG [2018-01-11 08:44:34]  Converting 'Integer[]' value '[Ljava.lang.Integer;@424c0bc4' to type 'Integer[]'
30   DEBUG [2018-01-11 08:44:34]      No conversion required, value is already a Integer[]
30   DEBUG [2018-01-11 08:44:34]  Setting default value: [Ljava.lang.Long;@16b4a017
30   DEBUG [2018-01-11 08:44:34]  Converting 'Long[]' value '[Ljava.lang.Long;@16b4a017' to type 'Long[]'
30   DEBUG [2018-01-11 08:44:34]      No conversion required, value is already a Long[]
30   DEBUG [2018-01-11 08:44:34]  Setting default value: [Ljava.lang.Short;@2a3046da
30   DEBUG [2018-01-11 08:44:34]  Converting 'Short[]' value '[Ljava.lang.Short;@2a3046da' to type 'Short[]'
30   DEBUG [2018-01-11 08:44:34]      No conversion required, value is already a Short[]
30   DEBUG [2018-01-11 08:44:34]  Setting default value: [Ljava.lang.String;@198e2867
30   DEBUG [2018-01-11 08:44:34]  Converting 'String[]' value '[Ljava.lang.String;@198e2867' to type 'String[]'
30   DEBUG [2018-01-11 08:44:34]      No conversion required, value is already a String[]
30   DEBUG [2018-01-11 08:44:34]  Setting default value: [Ljava.lang.Class;@3ada9e37
30   DEBUG [2018-01-11 08:44:34]  Converting 'Class[]' value '[Ljava.lang.Class;@3ada9e37' to type 'Class[]'
30   DEBUG [2018-01-11 08:44:34]      No conversion required, value is already a Class[]
30   DEBUG [2018-01-11 08:44:34]  Setting default value: [Ljava.util.Date;@3419866c
30   DEBUG [2018-01-11 08:44:34]  Converting 'Date[]' value '[Ljava.util.Date;@3419866c' to type 'Date[]'
30   DEBUG [2018-01-11 08:44:34]      No conversion required, value is already a Date[]
30   DEBUG [2018-01-11 08:44:34]  Setting default value: [Ljava.util.Calendar;@68fb2c38
30   DEBUG [2018-01-11 08:44:34]  Converting 'Calendar[]' value '[Ljava.util.Calendar;@68fb2c38' to type 'Calendar[]'
30   DEBUG [2018-01-11 08:44:34]      No conversion required, value is already a Calendar[]
30   DEBUG [2018-01-11 08:44:34]  Setting default value: [Ljava.io.File;@2eafffde
30   DEBUG [2018-01-11 08:44:34]  Converting 'java.io.File[]' value '[Ljava.io.File;@2eafffde' to type 'java.io.File[]'
30   DEBUG [2018-01-11 08:44:34]      No conversion required, value is already a java.io.File[]
30   DEBUG [2018-01-11 08:44:34]  Setting default value: [Ljava.sql.Date;@6842775d
30   DEBUG [2018-01-11 08:44:34]  Converting 'java.sql.Date[]' value '[Ljava.sql.Date;@6842775d' to type 'java.sql.Date[]'
30   DEBUG [2018-01-11 08:44:34]      No conversion required, value is already a java.sql.Date[]
30   DEBUG [2018-01-11 08:44:34]  Setting default value: [Ljava.sql.Time;@64cee07
30   DEBUG [2018-01-11 08:44:34]  Converting 'java.sql.Time[]' value '[Ljava.sql.Time;@64cee07' to type 'java.sql.Time[]'
30   DEBUG [2018-01-11 08:44:34]      No conversion required, value is already a java.sql.Time[]
30   DEBUG [2018-01-11 08:44:34]  Setting default value: [Ljava.sql.Timestamp;@6c629d6e
30   DEBUG [2018-01-11 08:44:34]  Converting 'java.sql.Timestamp[]' value '[Ljava.sql.Timestamp;@6c629d6e' to type 'java.sql.Timestamp[]'
30   DEBUG [2018-01-11 08:44:34]      No conversion required, value is already a java.sql.Timestamp[]
30   DEBUG [2018-01-11 08:44:34]  Setting default value: [Ljava.net.URL;@3f102e87
30   DEBUG [2018-01-11 08:44:34]  Converting 'java.net.URL[]' value '[Ljava.net.URL;@3f102e87' to type 'java.net.URL[]'
30   DEBUG [2018-01-11 08:44:34]      No conversion required, value is already a java.net.URL[]
40   DEBUG [2018-01-11 08:44:34]  Converting 'Integer' value '182' to type 'String'
50   DEBUG [2018-01-11 08:44:34]  Converting value 'null' to type 'String'
50   DEBUG [2018-01-11 08:44:34]      Using default value ''
50   DEBUG [2018-01-11 08:44:34]  Converting 'String' value '彭倩最美丽了' to type 'String'
50   DEBUG [2018-01-11 08:44:34]  Converting value 'null' to type 'String'
50   DEBUG [2018-01-11 08:44:34]      Using default value ''
50   DEBUG [2018-01-11 08:44:34]  Converting value 'null' to type 'String'
50   DEBUG [2018-01-11 08:44:34]      Using default value ''
50   DEBUG [2018-01-11 08:44:34]  Converting value 'null' to type 'String'
50   DEBUG [2018-01-11 08:44:34]      Using default value ''
50   DEBUG [2018-01-11 08:44:34]  Converting 'Integer' value '1' to type 'String'
50   DEBUG [2018-01-11 08:44:34]  Converting 'Integer' value '183' to type 'String'
50   DEBUG [2018-01-11 08:44:34]  Converting value 'null' to type 'String'
50   DEBUG [2018-01-11 08:44:34]      Using default value ''
50   DEBUG [2018-01-11 08:44:34]  Converting 'String' value '彭倩最美丽了' to type 'String'
50   DEBUG [2018-01-11 08:44:34]  Converting value 'null' to type 'String'
50   DEBUG [2018-01-11 08:44:34]      Using default value ''
50   DEBUG [2018-01-11 08:44:34]  Converting value 'null' to type 'String'
50   DEBUG [2018-01-11 08:44:34]      Using default value ''
50   DEBUG [2018-01-11 08:44:34]  Converting value 'null' to type 'String'
50   DEBUG [2018-01-11 08:44:34]      Using default value ''
50   DEBUG [2018-01-11 08:44:34]  Converting 'Integer' value '1' to type 'String'
50   DEBUG [2018-01-11 08:44:34]  Converting 'Integer' value '184' to type 'String'
50   DEBUG [2018-01-11 08:44:34]  Converting value 'null' to type 'String'
50   DEBUG [2018-01-11 08:44:34]      Using default value ''
50   DEBUG [2018-01-11 08:44:34]  Converting 'String' value '彭倩最美丽了' to type 'String'
50   DEBUG [2018-01-11 08:44:34]  Converting 'Integer' value '1' to type 'String'
50   DEBUG [2018-01-11 08:44:34]  Converting value 'null' to type 'String'
50   DEBUG [2018-01-11 08:44:34]      Using default value ''
50   DEBUG [2018-01-11 08:44:34]  Converting value 'null' to type 'String'
50   DEBUG [2018-01-11 08:44:34]      Using default value ''
50   DEBUG [2018-01-11 08:44:34]  Converting 'Integer' value '1' to type 'String'
50   DEBUG [2018-01-11 08:44:34]  Converting 'Integer' value '185' to type 'String'
50   DEBUG [2018-01-11 08:44:34]  Converting value 'null' to type 'String'
50   DEBUG [2018-01-11 08:44:34]      Using default value ''
50   DEBUG [2018-01-11 08:44:34]  Converting 'String' value '彭倩最美丽了' to type 'String'
50   DEBUG [2018-01-11 08:44:34]  Converting value 'null' to type 'String'
50   DEBUG [2018-01-11 08:44:34]      Using default value ''
50   DEBUG [2018-01-11 08:44:34]  Converting value 'null' to type 'String'
50   DEBUG [2018-01-11 08:44:34]      Using default value ''
50   DEBUG [2018-01-11 08:44:34]  Converting value 'null' to type 'String'
50   DEBUG [2018-01-11 08:44:34]      Using default value ''
50   DEBUG [2018-01-11 08:44:34]  Converting 'Integer' value '1' to type 'String'
